Sencha Cmd 6.5.0.180 - Crash report
================================================
An error occurred while executing the following command: app clean

Diagnostic information:
=======================
Error while loading build environment: null

java.lang.NullPointerException
     at com.sencha.command.Sencha.logCrashToFile(Sencha.java:622)
     at com.sencha.command.Sencha.main(Sencha.java:169)
     at sun.reflect.NativeMethodAccessorImpl.invoke0(Native Method)
     at sun.reflect.NativeMethodAccessorImpl.invoke(NativeMethodAccessorImpl.java:62)
     at sun.reflect.DelegatingMethodAccessorImpl.invoke(DelegatingMethodAccessorImpl.java:43)
     at java.lang.reflect.Method.invoke(Method.java:498)
     at com.exe4j.runtime.LauncherEngine.launch(LauncherEngine.java:65)
     at com.install4j.runtime.launcher.UnixLauncher.main(UnixLauncher.java:57)


Exception information:
=======================
java.lang.NullPointerException
     at com.sencha.command.environment.BuildEnvironment.getRawJsonConfig(BuildEnvironment.java:681)
     at com.sencha.command.environment.BuildEnvironment.loadJsonConfig(BuildEnvironment.java:637)
     at com.sencha.command.environment.BuildEnvironment.loadJsonConfig(BuildEnvironment.java:653)
     at com.sencha.command.environment.AppEnvironment.<init>(AppEnvironment.java:44)
     at com.sencha.command.environment.BuildEnvironment.load(BuildEnvironment.java:107)
     at com.sencha.command.environment.BuildEnvironment.load(BuildEnvironment.java:131)
     at com.sencha.command.environment.BuildEnvironment.load(BuildEnvironment.java:77)
     at com.sencha.command.Sencha.loadBuildEnvironment(Sencha.java:482)
     at com.sencha.command.Sencha.main(Sencha.java:133)
     at sun.reflect.NativeMethodAccessorImpl.invoke0(Native Method)
     at sun.reflect.NativeMethodAccessorImpl.invoke(NativeMethodAccessorImpl.java:62)
     at sun.reflect.DelegatingMethodAccessorImpl.invoke(DelegatingMethodAccessorImpl.java:43)
     at java.lang.reflect.Method.invoke(Method.java:498)
     at com.exe4j.runtime.LauncherEngine.launch(LauncherEngine.java:65)
     at com.install4j.runtime.launcher.UnixLauncher.main(UnixLauncher.java:57)

